build/app/intermediates/proguard-rules/release/aapt_rules.txt
# Referenced at merged_manifests/release/AndroidManifest.xml:27
-keep class androidx.core.app.CoreComponentFactory { <init>(); }
# Referenced at merged_manifests/release/AndroidManifest.xml:81
-keep class com.dexterous.flutterlocalnotifications.ScheduledNotificationBootReceiver { <init>(); }
# Referenced at merged_manifests/release/AndroidManifest.xml:80
-keep class com.dexterous.flutterlocalnotifications.ScheduledNotificationReceiver { <init>(); }
# Referenced at merged_manifests/release/AndroidManifest.xml:32
-keep class com.example.robustremedy.MainActivity { <init>(); }
# Referenced at merged_manifests/release/AndroidManifest.xml:100
-keep class com.google.android.gms.common.api.GoogleApiActivity { <init>(); }
# Referenced at merged_manifests/release/AndroidManifest.xml:27
-keep class io.flutter.app.FlutterApplication { <init>(); }
# Referenced at merged_manifests/release/AndroidManifest.xml:90
-keep class io.flutter.plugins.share.ShareFileProvider { <init>(); }
# Referenced at merged_manifests/release/AndroidManifest.xml:75
-keep class io.flutter.plugins.urllauncher.WebViewActivity { <init>(); }