build/app/outputs/mapping/release/mapping.txt
# compiler: R8
# compiler_version: 1.5.64
# min_api: 16
# pg_map_id: fb30a46
...
io.flutter.embedding.engine.plugins.contentprovider.ContentProviderPluginBinding -> io.flutter.embedding.engine.g.e.c:
io.flutter.embedding.engine.plugins.lifecycle.FlutterLifecycleAdapter -> io.flutter.embedding.engine.plugins.lifecycle.a:
    androidx.lifecycle.Lifecycle getActivityLifecycle(io.flutter.embedding.engine.plugins.activity.ActivityPluginBinding) -> a
io.flutter.embedding.engine.plugins.service.ServiceAware -> io.flutter.embedding.engine.g.f.a:
    void onAttachedToService(io.flutter.embedding.engine.plugins.service.ServicePluginBinding) -> a
    void onDetachedFromService() -> a
io.flutter.embedding.engine.plugins.service.ServiceControlSurface -> io.flutter.embedding.engine.g.f.b:
io.flutter.embedding.engine.plugins.service.ServicePluginBinding -> io.flutter.embedding.engine.g.f.c:
io.flutter.embedding.engine.plugins.shim.ShimPluginRegistry -> io.flutter.embedding.engine.g.g.a:
    java.util.Map pluginMap -> b
    io.flutter.embedding.engine.plugins.shim.ShimPluginRegistry$ShimRegistrarAggregate shimRegistrarAggregate -> c
    io.flutter.embedding.engine.FlutterEngine flutterEngine -> a
    io.flutter.plugin.common.PluginRegistry$Registrar registrarFor(java.lang.String) -> a
io.flutter.embedding.engine.plugins.shim.ShimPluginRegistry$1 -> io.flutter.embedding.engine.g.g.a$a:
io.flutter.embedding.engine.plugins.shim.ShimPluginRegistry$ShimRegistrarAggregate -> io.flutter.embedding.engine.g.g.a$b:
    io.flutter.embedding.engine.plugins.activity.ActivityPluginBinding activityPluginBinding -> c
    io.flutter.embedding.engine.plugins.FlutterPlugin$FlutterPluginBinding flutterPluginBinding -> b
    java.util.Set shimRegistrars -> a
    void addPlugin(io.flutter.embedding.engine.plugins.shim.ShimRegistrar) -> a
io.flutter.embedding.engine.plugins.shim.ShimRegistrar -> io.flutter.embedding.engine.g.g.b:
    java.util.Set activityResultListeners -> c
    java.util.Set newIntentListeners -> d
    java.util.Set userLeaveHintListeners -> e
    java.util.Set viewDestroyListeners -> a
    io.flutter.embedding.engine.plugins.FlutterPlugin$FlutterPluginBinding pluginBinding -> f
    java.util.Set requestPermissionsResultListeners -> b
    io.flutter.embedding.engine.plugins.activity.ActivityPluginBinding activityPluginBinding -> g
    io.flutter.plugin.common.PluginRegistry$Registrar addActivityResultListener(io.flutter.plugin.common.PluginRegistry$ActivityResultListener) -> a
    io.flutter.plugin.common.PluginRegistry$Registrar addNewIntentListener(io.flutter.plugin.common.PluginRegistry$NewIntentListener) -> a
    io.flutter.plugin.common.PluginRegistry$Registrar addRequestPermissionsResultListener(io.flutter.plugin.common.PluginRegistry$RequestPermissionsResultListener) -> a
    io.flutter.plugin.common.PluginRegistry$Registrar addViewDestroyListener(io.flutter.plugin.common.PluginRegistry$ViewDestroyListener) -> a
    io.flutter.plugin.common.BinaryMessenger messenger() -> a
    android.content.Context context() -> b
    android.app.Activity activity() -> c
    void addExistingListenersToActivityPluginBinding() -> d
io.flutter.embedding.engine.plugins.util.GeneratedPluginRegister -> io.flutter.embedding.engine.g.h.a:
    void registerGeneratedPlugins(io.flutter.embedding.engine.FlutterEngine) -> a